<?xml version="1.0" encoding="UTF-8"?>
<!-- Generated by org.testng.reporters.JUnitReportReporter -->
<testsuite hostname="LAPTOP-LVRQQHSS" name="Academy.HomePage" tests="1" failures="0" timestamp="11 Jul 2020 13:40:55 GMT" time="1.661" errors="0">
  <testcase name="basePageNavigation" time="1.661" classname="Academy.HomePage"/>
</testsuite> <!-- Academy.HomePage -->
