<?xml version="1.0" encoding="UTF-8"?>
<!-- Generated by org.testng.reporters.JUnitReportReporter -->
<testsuite hostname="LAPTOP-LVRQQHSS" name="Academy.validateNavigationBr" tests="1" failures="0" timestamp="11 Jul 2020 13:40:55 GMT" time="0.164" errors="0">
  <testcase name="basePageNavigation" time="0.164" classname="Academy.validateNavigationBr"/>
</testsuite> <!-- Academy.validateNavigationBr -->
