<?xml version="1.0" encoding="UTF-8"?>
<!-- Generated by org.testng.reporters.JUnitReportReporter -->
<testsuite hostname="LAPTOP-LVRQQHSS" name="Academy.HomePage" tests="1" failures="0" timestamp="14 Jul 2020 07:12:50 GMT" time="3.285" errors="0">
  <testcase name="basePageNavigation" time="3.285" classname="Academy.HomePage"/>
</testsuite> <!-- Academy.HomePage -->
